<?xml version="1.0" encoding="UTF-8"?>
<!-- Generated by org.testng.reporters.JUnitReportReporter -->
<testsuite hostname="DESKTOP-TBCA5D8" failures="0" tests="1" name="contacts.TC_VT_001_Test" time="18.555" errors="0" timestamp="2025-08-15T13:45:50 IST" skipped="0">
  <testcase classname="contacts.TC_VT_001_Test" name="clickOnContacts" time="18.555"/>
</testsuite> <!-- contacts.TC_VT_001_Test -->
